[debug] [2022-04-30T06:00:19.983Z] ----------------------------------------------------------------------
[debug] [2022-04-30T06:00:19.985Z] Command:       C:\Program Files\nodejs\node.exe C:\Users\crist\AppData\Roaming\npm\node_modules\firebase-tools\lib\bin\firebase.js deploy --only hosting
[debug] [2022-04-30T06:00:19.986Z] CLI Version:   10.7.1
[debug] [2022-04-30T06:00:19.986Z] Platform:      win32
[debug] [2022-04-30T06:00:19.986Z] Node Version:  v16.14.2
[debug] [2022-04-30T06:00:19.987Z] Time:          Sat Apr 30 2022 03:00:19 GMT-0300 (Horário Padrão de Brasília)
[debug] [2022-04-30T06:00:19.987Z] ----------------------------------------------------------------------
[debug] 
[debug] [2022-04-30T06:00:20.052Z] > command requires scopes: ["email","openid","https://www.googleapis.com/auth/cloudplatformprojects.readonly","https://www.googleapis.com/auth/firebase","https://www.googleapis.com/auth/cloud-platform"]
[debug] [2022-04-30T06:00:20.053Z] > authorizing via signed-in user (cristhianprog@gmail.com)
[debug] [2022-04-30T06:00:20.053Z] [iam] checking project carrapicho-acai-01-upsale for permissions ["firebase.projects.get","firebasehosting.sites.update"]
[debug] [2022-04-30T06:00:20.055Z] >>> [apiv2][query] POST https://cloudresourcemanager.googleapis.com/v1/projects/carrapicho-acai-01-upsale:testIamPermissions [none]
[debug] [2022-04-30T06:00:20.055Z] >>> [apiv2][body] POST https://cloudresourcemanager.googleapis.com/v1/projects/carrapicho-acai-01-upsale:testIamPermissions {"permissions":["firebase.projects.get","firebasehosting.sites.update"]}
[debug] [2022-04-30T06:00:20.959Z] <<< [apiv2][status] POST https://cloudresourcemanager.googleapis.com/v1/projects/carrapicho-acai-01-upsale:testIamPermissions 200
[debug] [2022-04-30T06:00:20.960Z] <<< [apiv2][body] POST https://cloudresourcemanager.googleapis.com/v1/projects/carrapicho-acai-01-upsale:testIamPermissions {"permissions":["firebase.projects.get","firebasehosting.sites.update"]}
[debug] [2022-04-30T06:00:20.962Z] >>> [apiv2][query] GET https://firebase.googleapis.com/v1beta1/projects/carrapicho-acai-01-upsale [none]
[debug] [2022-04-30T06:00:22.033Z] <<< [apiv2][status] GET https://firebase.googleapis.com/v1beta1/projects/carrapicho-acai-01-upsale 200
[debug] [2022-04-30T06:00:22.033Z] <<< [apiv2][body] GET https://firebase.googleapis.com/v1beta1/projects/carrapicho-acai-01-upsale {"projectId":"carrapicho-acai-01-upsale","projectNumber":"1088000171134","displayName":"carrapicho-acai-upsale","name":"projects/carrapicho-acai-01-upsale","resources":{"hostingSite":"carrapicho-acai-01-upsale","storageBucket":"carrapicho-acai-01-upsale.appspot.com","locationId":"us-central"},"state":"ACTIVE"}
[info] 
[info] === Deploying to 'carrapicho-acai-01-upsale'...
[info] 
[info] i  deploying hosting 
[debug] [2022-04-30T06:00:22.036Z] >>> [apiv2][query] GET https://firebase.googleapis.com/v1beta1/projects/carrapicho-acai-01-upsale [none]
[debug] [2022-04-30T06:00:23.108Z] <<< [apiv2][status] GET https://firebase.googleapis.com/v1beta1/projects/carrapicho-acai-01-upsale 200
[debug] [2022-04-30T06:00:23.108Z] <<< [apiv2][body] GET https://firebase.googleapis.com/v1beta1/projects/carrapicho-acai-01-upsale {"projectId":"carrapicho-acai-01-upsale","projectNumber":"1088000171134","displayName":"carrapicho-acai-upsale","name":"projects/carrapicho-acai-01-upsale","resources":{"hostingSite":"carrapicho-acai-01-upsale","storageBucket":"carrapicho-acai-01-upsale.appspot.com","locationId":"us-central"},"state":"ACTIVE"}
[debug] [2022-04-30T06:00:23.110Z] >>> [apiv2][query] POST https://firebasehosting.googleapis.com/v1beta1/projects/1088000171134/sites/admin-carrapicho-upsale/versions [none]
[debug] [2022-04-30T06:00:23.110Z] >>> [apiv2][body] POST https://firebasehosting.googleapis.com/v1beta1/projects/1088000171134/sites/admin-carrapicho-upsale/versions {"config":{"rewrites":[{"glob":"**","path":"/index.html"}],"headers":[{"glob":"/service-worker.js","headers":{"Cache-Control":"no-cache"}}]},"labels":{"deployment-tool":"cli-firebase"}}
[debug] [2022-04-30T06:00:24.695Z] <<< [apiv2][status] POST https://firebasehosting.googleapis.com/v1beta1/projects/1088000171134/sites/admin-carrapicho-upsale/versions 200
[debug] [2022-04-30T06:00:24.695Z] <<< [apiv2][body] POST https://firebasehosting.googleapis.com/v1beta1/projects/1088000171134/sites/admin-carrapicho-upsale/versions {"name":"projects/1088000171134/sites/admin-carrapicho-upsale/versions/77b26d91dd5cf75c","status":"CREATED","config":{"headers":[{"headers":{"Cache-Control":"no-cache"},"glob":"/service-worker.js"}],"rewrites":[{"glob":"**","path":"/index.html"}]},"labels":{"deployment-tool":"cli-firebase"}}
[info] i  hosting[admin-carrapicho-upsale]: beginning deploy... 
[info] i  hosting[admin-carrapicho-upsale]: found 54 files in dist 
[debug] [2022-04-30T06:00:24.714Z] [hosting] uploading with 200 concurrency
[debug] [2022-04-30T06:00:24.863Z] [hosting] hash cache [ZGlzdA] stored for 54 files
[debug] [2022-04-30T06:00:24.864Z] [hosting][hash queue][FINAL] {"max":144,"min":0,"avg":21.403975473577027,"active":0,"complete":54,"success":54,"errored":0,"retried":0,"total":54,"elapsed":148}
[debug] [2022-04-30T06:00:24.864Z] >>> [apiv2][query] POST https://firebasehosting.googleapis.com/v1beta1/projects/1088000171134/sites/admin-carrapicho-upsale/versions/77b26d91dd5cf75c:populateFiles [none]
[debug] [2022-04-30T06:00:24.864Z] >>> [apiv2][body] POST https://firebasehosting.googleapis.com/v1beta1/projects/1088000171134/sites/admin-carrapicho-upsale/versions/77b26d91dd5cf75c:populateFiles {"files":{"/5-es2015.f164568de1f998187f22.js":"20327468e332b033d09237e1bc5bd9aabd009cf3ffafd3352d38ec383e0dda6b","/5-es5.f164568de1f998187f22.js":"da8a6facc69b14c7f8229092695b29ef4787aa513713f15b511903c0d912e46f","/favicon.ico":"a0d984e9d8484f326f97a37009cfc802eb6b3cca344337104780371552df232c","/polyfills-es2015.0dd68a3f76e24363f2e7.js":"056052a75209d9a5a38edc8e91c25f43632bf3cee2e1e1acbc461394f3b751c0","/polyfills-es5.5c3ebf28d884883066ec.js":"5b3001ce4349be2041c602dc80f99c4132c2a842375661b1e52a3cf831b9e1b6","/runtime-es2015.3fb29eb74341a9fb65e9.js":"2fc1e185175834de892f5ef2d89d27b12a65d14c8b9131aea74ac4f16ca79a59","/runtime-es5.3fb29eb74341a9fb65e9.js":"4bb0e435588563e9e91d8f45303af38515d7d8cc06d16942643daa161e33a81f","/assets/img/angular.jpg":"63c8bf6126d454d6b8adbcaa51335aba02a07062aa0b3cc364192b47d764f082","/assets/img/bootstrap.jpg":"e09a291158cfd7360a1b405c16477f286104969e5a0b52717159dd5a681da82b","/assets/img/component-btn-pink.png":"45b0df8aeb86b04423dfb5ea591171637464e02484d05a4eecdffbf737a05d07","/assets/img/component-btn.png":"ec7636c63d58e145f1584c9b74b61e08ebbdef818b4848ff82879344000777cf","/assets/img/component-info-2.png":"55bccb48b3ac02d550d9c692a6bcc275959b7342474eb567ac1534ba1304d095","/assets/img/component-info-card.png":"74311efbeed95c7377ac4de9b8384c3ff54fc24c6740dbb61900efa7bdddc63d","/assets/img/component-menu.png":"a332d3c76f8e541051a314f8cba2af24021b373b67a00b502e120dd968d759aa","/assets/img/component-profile-card.png":"ea1737baabd24e0932bc44251215945bf6de3032e0b2a0d44618f52b4f400dac","/assets/img/documentation.png":"610b732b3b4952edbcb6705bc091cc6cc414fb2791150cf067df093ff507d09e","/assets/img/github.svg":"0e27ef773ce8042b6608b88e28c4c966024185cd42cca0f0279d5cb815a3c75d","/assets/img/google.svg":"2989b985fe72df244cb97fee15342b6ec8a7fb05f9cf9ecccecdf6b7bf503af9","/assets/img/ill_header.png":"10a9ccd9bf3abbe7803b5193cbed84766b9368a8445b4cf9c02d871918fe9cc7","/assets/img/landing.jpg":"d3e9720b07035f5658162af05270b2af5478dcd9b98fc7d7a3ef99cf8678c6c9","/assets/img/login.jpg":"4a097b1c0f0675c3e037ab8e2024b19775c80755c9cfed2c1a00276f8bb2695f","/assets/img/pattern_angular.png":"761dae916dac909bd70bb519aa26a0640c596ecd7d41ace3c94a8bc84350ac1b","/assets/img/pattern_react.png":"5d3c01f1fc2865922e647d5ce4e353b2946b7d2638eb923f7c3fb5f225b2210d","/assets/img/profile.jpg":"87e203402e24a822203bc03a14aa7bac514dba4bc4bea54f8f750ed7ca16cd2a","/assets/img/react.jpg":"c9f6d67a878c6874a76664b1f377d24484a6f9bf2442d6100bb2b2432ac34552","/assets/img/register_bg_2.png":"eb40869f0dd2f40b08a269504aa76e6a77e169c37b1d5b82ba339ac9839920e4","/assets/img/sketch.jpg":"5f113a6fc5024c46dc0082d31f442a07fd26e38425ede2d350b09236d608dfd3","/assets/img/team-1-800x800.jpg":"864df73934072c78164c324ebafb856d6d4dd7fe04383c3e8a600fc2b3f1b718","/assets/img/team-2-800x800.jpg":"2b8260385c72285b7c2bd305cd67ea6f705230c93e9142646e3ee5dd6e28af55","/assets/img/team-3-800x800.jpg":"9be217c47a4c822bc9be305a1ae5af3bd41a8eedd5a1257b15791de7f0e0da4d","/assets/img/team-4-470x470.png":"2a9c486b7659278203bb783c5e33e5c660b67e6357ab34f2d9d505989fbb52af","/assets/img/vue.jpg":"0e4ae36cd4825eb8c6de5aa1aa9aa0db6fcc9ff80ebdac10643238ed49034478","/assets/styles/index.css":"2b283ced8f862e5e76264901d2a44aea7eafab86e2f004b16f4519e04d5e7a51","/assets/styles/tailwind.css":"a1657afd4f6f9f58daae0e1073b62bdfcf40feca7b1c7602549071acb2dd3982","/3rdpartylicenses.txt":"2ffc810305bf98ffccb160079d5773d2fc787b9c802c9bdef4d63405c1e2d069","/fa-regular-400.c3c2ab4f63b8d9973c78.woff2":"21db61b1f1280ff6167e42737e9218897ae5fe83c58c72801e2c8d5af63c8882","/index.html":"4470c7c1f568150da8a51ad3301d4aa9b528526e2b65be3975c6f4983021ef06","/fa-regular-400.0c6f12b9eaa2ad444a6b.eot":"13f5f8597ebc3fa729ec1cb623339912082ecffcc93d60938861afe531a0365b","/fa-regular-400.fcaa6c135683a3fa1b50.woff":"e82e616095090be0c5caea5e5a2538feb579c11a23dbbedb05f9574657590dd6","/fa-regular-400.c9c57c0f1f4eb34dbf57.ttf":"470ef8a2046aa9e5db70444199d9bbf710de952ea3b73cd2ffbeb1a12b478088","/fa-regular-400.1b536b782d09dd59dda8.svg":"8d44d9101093edba5a92dd916df14f64fc218b1032307a1d9b82ed458db0c0cd","/fa-brands-400.37913cdf7cb0571dfac0.woff2":"04464824c150a08ba4d89af3023db955f188a06792cde8cf8631b7d06ce0629c","/styles.dcc35ec12e9521132891.css":"48eb2bb6a021731825f7357772df6ee1e2e47495eddb3fd86397612ab2ce404a","/fa-solid-900.4055b0575d40bfb3c7e8.woff2":"cade3c76a3d01a2e5c1bf4f6e56270199a8642a88eb7b7375655cdc32b1e2a1f","/fa-brands-400.28d8b8fcc41c3b7134ff.woff":"f198e10047e5d03eeba408163bfb89c189ae80d98a266bc0584a21db87f2cc9e","/fa-solid-900.22aa6d4357cf74671bc4.woff":"bf89c4c9a1e1f75f10c75f902ae74b6874843826dda4de4b17755631ada8f390","/fa-brands-400.1776173e3b1af55eb455.ttf":"e88c4abaa0492dae670d04a2b7d16ecf494c06467a0965b4fd9b788b71df4cbb","/fa-brands-400.bfcc3384b8a317dc5de3.eot":"03d096d0912cf38968f2f393731cb66a906ed91d8d8a1d892d10b69995d428a4","/fa-solid-900.a480ec972cb6bce30533.ttf":"bb275e287199a16a804fb8e4a430b4996771a49631e5f3e7026bb1cca1d961c7","/fa-solid-900.dfaa060a451d978c2565.eot":"b03117b80232fdeac86b4a7f9e3b09a176c14368f5d90c1cdb1f6a108ff129fd","/main-es2015.0827ffd958b6e4ed8163.js":"eee26281cf6a6d7e87aeed5d325ef7c979fcbac3f48592cf53f2702f1a54f904","/main-es5.0827ffd958b6e4ed8163.js":"dd7af0c7bf9fc677eb197dcaba911900eb2061ae8a8af9ebdf19309fc5944eb6","/fa-solid-900.3e2bc2ffd29f01066d23.svg":"1a640e206a8733f19bba1aab5d7ecca950aba2d7518902ed84a320a7430f02ad","/fa-brands-400.63b566233f163d538cce.svg":"b038fa35c2fcf18a529b3e89f607469fd511f049299e9d25a02c7286a325010a"}}
[debug] [2022-04-30T06:00:26.331Z] <<< [apiv2][status] POST https://firebasehosting.googleapis.com/v1beta1/projects/1088000171134/sites/admin-carrapicho-upsale/versions/77b26d91dd5cf75c:populateFiles 200
[debug] [2022-04-30T06:00:26.331Z] <<< [apiv2][body] POST https://firebasehosting.googleapis.com/v1beta1/projects/1088000171134/sites/admin-carrapicho-upsale/versions/77b26d91dd5cf75c:populateFiles {"uploadRequiredHashes":["dd7af0c7bf9fc677eb197dcaba911900eb2061ae8a8af9ebdf19309fc5944eb6","4470c7c1f568150da8a51ad3301d4aa9b528526e2b65be3975c6f4983021ef06","eee26281cf6a6d7e87aeed5d325ef7c979fcbac3f48592cf53f2702f1a54f904"],"uploadUrl":"https://upload-firebasehosting.googleapis.com/upload/sites/admin-carrapicho-upsale/versions/77b26d91dd5cf75c/files"}
[debug] [2022-04-30T06:00:26.332Z] >>> [apiv2][query] POST https://upload-firebasehosting.googleapis.com/upload/sites/admin-carrapicho-upsale/versions/77b26d91dd5cf75c/files/dd7af0c7bf9fc677eb197dcaba911900eb2061ae8a8af9ebdf19309fc5944eb6 [none]
[debug] [2022-04-30T06:00:26.332Z] >>> [apiv2][body] POST https://upload-firebasehosting.googleapis.com/upload/sites/admin-carrapicho-upsale/versions/77b26d91dd5cf75c/files/dd7af0c7bf9fc677eb197dcaba911900eb2061ae8a8af9ebdf19309fc5944eb6 [stream]
[debug] [2022-04-30T06:00:26.333Z] >>> [apiv2][query] POST https://upload-firebasehosting.googleapis.com/upload/sites/admin-carrapicho-upsale/versions/77b26d91dd5cf75c/files/4470c7c1f568150da8a51ad3301d4aa9b528526e2b65be3975c6f4983021ef06 [none]
[debug] [2022-04-30T06:00:26.333Z] >>> [apiv2][body] POST https://upload-firebasehosting.googleapis.com/upload/sites/admin-carrapicho-upsale/versions/77b26d91dd5cf75c/files/4470c7c1f568150da8a51ad3301d4aa9b528526e2b65be3975c6f4983021ef06 [stream]
[debug] [2022-04-30T06:00:26.334Z] >>> [apiv2][query] POST https://upload-firebasehosting.googleapis.com/upload/sites/admin-carrapicho-upsale/versions/77b26d91dd5cf75c/files/eee26281cf6a6d7e87aeed5d325ef7c979fcbac3f48592cf53f2702f1a54f904 [none]
[debug] [2022-04-30T06:00:26.334Z] >>> [apiv2][body] POST https://upload-firebasehosting.googleapis.com/upload/sites/admin-carrapicho-upsale/versions/77b26d91dd5cf75c/files/eee26281cf6a6d7e87aeed5d325ef7c979fcbac3f48592cf53f2702f1a54f904 [stream]
[debug] [2022-04-30T06:00:26.334Z] [hosting][populate queue][FINAL] {"max":1470,"min":1470,"avg":1470,"active":0,"complete":1,"success":1,"errored":0,"retried":0,"total":1,"elapsed":1472}
[debug] [2022-04-30T06:00:26.335Z] [hosting] uploads queued: 3
[debug] [2022-04-30T06:00:28.372Z] <<< [apiv2][status] POST https://upload-firebasehosting.googleapis.com/upload/sites/admin-carrapicho-upsale/versions/77b26d91dd5cf75c/files/4470c7c1f568150da8a51ad3301d4aa9b528526e2b65be3975c6f4983021ef06 200
[debug] [2022-04-30T06:00:28.372Z] <<< [apiv2][body] POST https://upload-firebasehosting.googleapis.com/upload/sites/admin-carrapicho-upsale/versions/77b26d91dd5cf75c/files/4470c7c1f568150da8a51ad3301d4aa9b528526e2b65be3975c6f4983021ef06 [stream]
[debug] [2022-04-30T06:00:28.534Z] <<< [apiv2][status] POST https://upload-firebasehosting.googleapis.com/upload/sites/admin-carrapicho-upsale/versions/77b26d91dd5cf75c/files/eee26281cf6a6d7e87aeed5d325ef7c979fcbac3f48592cf53f2702f1a54f904 200
[debug] [2022-04-30T06:00:28.535Z] <<< [apiv2][body] POST https://upload-firebasehosting.googleapis.com/upload/sites/admin-carrapicho-upsale/versions/77b26d91dd5cf75c/files/eee26281cf6a6d7e87aeed5d325ef7c979fcbac3f48592cf53f2702f1a54f904 [stream]
[debug] [2022-04-30T06:00:28.538Z] <<< [apiv2][status] POST https://upload-firebasehosting.googleapis.com/upload/sites/admin-carrapicho-upsale/versions/77b26d91dd5cf75c/files/dd7af0c7bf9fc677eb197dcaba911900eb2061ae8a8af9ebdf19309fc5944eb6 200
[debug] [2022-04-30T06:00:28.538Z] <<< [apiv2][body] POST https://upload-firebasehosting.googleapis.com/upload/sites/admin-carrapicho-upsale/versions/77b26d91dd5cf75c/files/dd7af0c7bf9fc677eb197dcaba911900eb2061ae8a8af9ebdf19309fc5944eb6 [stream]
[debug] [2022-04-30T06:00:28.538Z] [hosting][upload queue][FINAL] {"max":2207,"min":2040,"avg":2150,"active":0,"complete":3,"success":3,"errored":0,"retried":0,"total":3,"elapsed":2207}
[info] +  hosting[admin-carrapicho-upsale]: file upload complete 
[debug] [2022-04-30T06:00:28.540Z] [hosting] deploy completed after 3843ms
[debug] [2022-04-30T06:00:28.544Z] [
  {
    "config": {
      "target": "admin-carrapicho-upsale",
      "public": "dist",
      "rewrites": [
        {
          "source": "**",
          "destination": "/index.html"
        }
      ],
      "headers": [
        {
          "source": "/service-worker.js",
          "headers": [
            {
              "key": "Cache-Control",
              "value": "no-cache"
            }
          ]
        }
      ],
      "site": "admin-carrapicho-upsale"
    },
    "site": "admin-carrapicho-upsale",
    "version": "projects/1088000171134/sites/admin-carrapicho-upsale/versions/77b26d91dd5cf75c"
  }
]
[info] i  hosting[admin-carrapicho-upsale]: finalizing version... 
[debug] [2022-04-30T06:00:28.546Z] >>> [apiv2][query] PATCH https://firebasehosting.googleapis.com/v1beta1/projects/1088000171134/sites/admin-carrapicho-upsale/versions/77b26d91dd5cf75c updateMask=status%2Cconfig
[debug] [2022-04-30T06:00:28.547Z] >>> [apiv2][body] PATCH https://firebasehosting.googleapis.com/v1beta1/projects/1088000171134/sites/admin-carrapicho-upsale/versions/77b26d91dd5cf75c {"status":"FINALIZED","config":{"rewrites":[{"glob":"**","path":"/index.html"}],"headers":[{"glob":"/service-worker.js","headers":{"Cache-Control":"no-cache"}}]}}
[debug] [2022-04-30T06:00:29.890Z] <<< [apiv2][status] PATCH https://firebasehosting.googleapis.com/v1beta1/projects/1088000171134/sites/admin-carrapicho-upsale/versions/77b26d91dd5cf75c 200
[debug] [2022-04-30T06:00:29.890Z] <<< [apiv2][body] PATCH https://firebasehosting.googleapis.com/v1beta1/projects/1088000171134/sites/admin-carrapicho-upsale/versions/77b26d91dd5cf75c {"name":"projects/1088000171134/sites/admin-carrapicho-upsale/versions/77b26d91dd5cf75c","status":"FINALIZED","config":{"headers":[{"headers":{"Cache-Control":"no-cache"},"glob":"/service-worker.js"}],"rewrites":[{"glob":"**","path":"/index.html"}]},"labels":{"deployment-tool":"cli-firebase"},"createTime":"2022-04-30T06:00:24.129254Z","createUser":{"email":"cristhianprog@gmail.com"},"finalizeTime":"2022-04-30T06:00:29.831646Z","finalizeUser":{"email":"cristhianprog@gmail.com"}}
[debug] [2022-04-30T06:00:29.891Z] [hosting] finalized version for admin-carrapicho-upsale:[object Object]
[info] +  hosting[admin-carrapicho-upsale]: version finalized 
[info] i  hosting[admin-carrapicho-upsale]: releasing new version... 
[debug] [2022-04-30T06:00:29.892Z] >>> [apiv2][query] POST https://firebasehosting.googleapis.com/v1beta1/projects/1088000171134/sites/admin-carrapicho-upsale/releases versionName=projects%2F1088000171134%2Fsites%2Fadmin-carrapicho-upsale%2Fversions%2F77b26d91dd5cf75c
[debug] [2022-04-30T06:00:29.892Z] >>> [apiv2][body] POST https://firebasehosting.googleapis.com/v1beta1/projects/1088000171134/sites/admin-carrapicho-upsale/releases {"message":null}
[debug] [2022-04-30T06:00:31.040Z] <<< [apiv2][status] POST https://firebasehosting.googleapis.com/v1beta1/projects/1088000171134/sites/admin-carrapicho-upsale/releases 200
[debug] [2022-04-30T06:00:31.040Z] <<< [apiv2][body] POST https://firebasehosting.googleapis.com/v1beta1/projects/1088000171134/sites/admin-carrapicho-upsale/releases {"name":"projects/1088000171134/sites/admin-carrapicho-upsale/releases/1651298430265069","version":{"name":"projects/1088000171134/sites/admin-carrapicho-upsale/versions/77b26d91dd5cf75c","status":"FINALIZED","config":{"headers":[{"headers":{"Cache-Control":"no-cache"},"glob":"/service-worker.js"}],"rewrites":[{"glob":"**","path":"/index.html"}]},"labels":{"deployment-tool":"cli-firebase"},"createTime":"2022-04-30T06:00:24.129254Z","createUser":{"email":"cristhianprog@gmail.com","imageUrl":"https://lh3.googleusercontent.com/a-/AOh14Giip4R-F_dD-PAaY7xx5x7fRvYO9a1JZK8_tk5jEw"},"finalizeTime":"2022-04-30T06:00:29.831646Z","finalizeUser":{"email":"cristhianprog@gmail.com","imageUrl":"https://lh3.googleusercontent.com/a-/AOh14Giip4R-F_dD-PAaY7xx5x7fRvYO9a1JZK8_tk5jEw"}},"type":"DEPLOY","releaseTime":"2022-04-30T06:00:30.265069836Z","releaseUser":{"email":"cristhianprog@gmail.com","imageUrl":"https://lh3.googleusercontent.com/a-/AOh14Giip4R-F_dD-PAaY7xx5x7fRvYO9a1JZK8_tk5jEw"}}
[debug] [2022-04-30T06:00:31.040Z] [hosting] release: {"name":"projects/1088000171134/sites/admin-carrapicho-upsale/releases/1651298430265069","version":{"name":"projects/1088000171134/sites/admin-carrapicho-upsale/versions/77b26d91dd5cf75c","status":"FINALIZED","config":{"headers":[{"headers":{"Cache-Control":"no-cache"},"glob":"/service-worker.js"}],"rewrites":[{"glob":"**","path":"/index.html"}]},"labels":{"deployment-tool":"cli-firebase"},"createTime":"2022-04-30T06:00:24.129254Z","createUser":{"email":"cristhianprog@gmail.com","imageUrl":"https://lh3.googleusercontent.com/a-/AOh14Giip4R-F_dD-PAaY7xx5x7fRvYO9a1JZK8_tk5jEw"},"finalizeTime":"2022-04-30T06:00:29.831646Z","finalizeUser":{"email":"cristhianprog@gmail.com","imageUrl":"https://lh3.googleusercontent.com/a-/AOh14Giip4R-F_dD-PAaY7xx5x7fRvYO9a1JZK8_tk5jEw"}},"type":"DEPLOY","releaseTime":"2022-04-30T06:00:30.265069836Z","releaseUser":{"email":"cristhianprog@gmail.com","imageUrl":"https://lh3.googleusercontent.com/a-/AOh14Giip4R-F_dD-PAaY7xx5x7fRvYO9a1JZK8_tk5jEw"}}
[info] +  hosting[admin-carrapicho-upsale]: release complete 
[info] 
[info] +  Deploy complete! 
[info] 
[info] Project Console: https://console.firebase.google.com/project/carrapicho-acai-01-upsale/overview
[info] Hosting URL: https://admin-carrapicho-upsale.web.app
[debug] [2022-04-30T06:00:31.424Z] Error: EBUSY: resource busy or locked, unlink 'C:\Dev\upsale\admin-app\firebase-debug.log'
    at Object.unlinkSync (node:fs:1722:3)
    at process.<anonymous> (C:\Users\crist\AppData\Roaming\npm\node_modules\firebase-tools\lib\bin\firebase.js:89:12)
    at process.emit (node:events:538:35)
    at process.exit (node:internal/process/per_thread:189:15)
    at C:\Users\crist\AppData\Roaming\npm\node_modules\firebase-tools\lib\command.js:88:92
    at processTicksAndRejections (node:internal/process/task_queues:96:5)
[error] 
[error] Error: An unexpected error has occurred.
